Godot Engine v4.6.2.stable.mono.official.71f334935 - https://godotengine.org
TextServer: Added interface "Dummy"
TextServer: Added interface "ICU / HarfBuzz / Graphite (Built-in)"
Unrecognized output string "misc2" in mapping:
030000008a2e0000dd10000000000000,Hand Held Legend GC Ultimate,a:b0,b:b2,back:b17,dpdown:b5,dpleft:b6,dpright:b7,dpup:b4,guide:b18,leftshoulder:b10,leftstick:b8,lefttrigger:a3,leftx:a0,lefty:a1,misc1:b19,misc2:b24,paddle1:b13,paddle2:b12,rightshoulder:b11,rightstick:b9,righttrigger:a4,rightx:a2,righty:a5,start:b16,x:b1,y:b3,platform:Windows,
Unrecognized output string "misc2" in mapping:
030000000d0f00000202000000000000,Horipad O Nintendo Switch 2 Controller,a:b1,b:b0,back:b8,dpdown:h0.4,dpleft:h0.8,dpright:h0.2,dpup:h0.1,guide:b12,leftshoulder:b4,leftstick:b10,lefttrigger:b6,leftx:a0,lefty:a1,misc1:b13,misc2:b14,rightshoulder:b5,rightstick:b11,righttrigger:b7,rightx:a2,righty:a3,start:b9,x:b3,y:b2,platform:Windows,
Unrecognized output string "misc2" in mapping:
030000000d0f00009601000000000000,Horipad Steam,a:b0,b:b1,back:b10,dpdown:h0.4,dpleft:h0.8,dpright:h0.2,dpup:h0.1,guide:b12,leftshoulder:b6,leftstick:b13,lefttrigger:b8,leftx:a0,lefty:a1,misc2:b2,paddle1:b5,paddle2:b15,paddle3:b18,paddle4:b19,rightshoulder:b7,rightstick:b14,righttrigger:b9,rightx:a3,righty:a4,start:b11,x:b3,y:b4,platform:Windows,
Unrecognized output string "misc2" in mapping:
030000007e0500006920000000000000,Nintendo Switch 2 Pro Controller,a:b0,b:b1,back:b14,dpdown:b8,dpleft:b10,dpright:b9,dpup:b11,guide:b16,leftshoulder:b12,leftstick:b15,lefttrigger:b13,leftx:a0,lefty:a1~,misc1:b17,misc2:b20,paddle1:b18,paddle2:b19,rightshoulder:b4,rightstick:b7,righttrigger:b5,rightx:a2,righty:a3~,start:b6,x:b2,y:b3,platform:Windows,
Using "default" pen tablet driver...

TextServer: Primary interface set to: "ICU / HarfBuzz / Graphite (Built-in)".
.NET: Initializing module...
Found hostfxr: C:/Program Files/dotnet/host/fxr/10.0.5/hostfxr.dll
.NET: hostfxr initialized
.NET: GodotPlugins initialized
CORE API HASH: 1976921970
EDITOR API HASH: 555353998
SceneTreeFTI: traversal method DEFAULT
Loading resource: res://Scripts/Autoload/GameManager.cs
Loading resource: res://Scripts/Autoload/SignalBus.cs
Loaded system CA certificates
Loading resource: res://Scenes/Main.tscn
Loading resource: res://Scripts/UI/AppRoot.cs
Loading resource: res://Scripts/UI/MainUiLayoutSettings.cs
Loading resource: res://Resources/Scenarios/main_story_scenario.tres
Loading resource: res://Scripts/Core/Scenario/GameScenarioDefinition.cs
Loading resource: res://Resources/Scenarios/test_game_scenario.tres
[GameLog] [12:43:24] 已发现剧本数量：2
Loading resource: res://Scripts/Systems/IdleSystem.cs
Loading resource: res://Scripts/Systems/ClickEventSystem.cs
Loading resource: res://Scripts/Systems/SkillSystem.cs
Loading resource: res://Scripts/Systems/ShopSystem.cs
Loading resource: res://Scripts/Systems/SellSystem.cs
Loading resource: res://Scripts/Systems/FactionSystem.cs
Loading resource: res://Scripts/Systems/ZoneSystem.cs
Loading resource: res://Scripts/Systems/QuestSystem.cs
Loading resource: res://Scripts/Systems/CraftingSystem.cs
Loading resource: res://Scripts/Systems/BattleSystem.cs
Loading resource: res://Scripts/Systems/AchievementSystem.cs
Loading resource: res://Scripts/Systems/EquipmentSystem.cs
Loading resource: res://Scripts/Systems/BuffSystem.cs
[GameLog] [12:43:24] 游戏主菜单入口已准备完成。
Loading resource: res://Resources/UI/main_ui_layout.tres
Loading resource: res://Scenes/UI/MainMenuUI.tscn
Loading resource: res://Scripts/UI/MainMenuUI.cs
Loading resource: res://Picture_Resource/Main_Menu/Main_Menu_Background_Pic.png
Loading resource: res://.godot/imported/Main_Menu_Background_Pic.png-9a2b833698a8c26d054233414353d86e.ctex
Loading resource: res://Scripts/UI/SaveSlotDialog.cs
Loading resource: res://Scripts/UI/ConfirmActionDialog.cs
Unloading: Disposing tracked instances...
Unloading: Finished disposing tracked instances.
XR: Clearing primary interface
XR: Removed interface "Native mobile"
XR: Removed interface "OpenXR"
