Godot Engine v4.6.2.stable.mono.official.71f334935 - https://godotengine.org
TextServer: Added interface "Dummy"
TextServer: Added interface "ICU / HarfBuzz / Graphite (Built-in)"
Unrecognized output string "misc2" in mapping:
030000008a2e0000dd10000000000000,Hand Held Legend GC Ultimate,a:b0,b:b2,back:b17,dpdown:b5,dpleft:b6,dpright:b7,dpup:b4,guide:b18,leftshoulder:b10,leftstick:b8,lefttrigger:a3,leftx:a0,lefty:a1,misc1:b19,misc2:b24,paddle1:b13,paddle2:b12,rightshoulder:b11,rightstick:b9,righttrigger:a4,rightx:a2,righty:a5,start:b16,x:b1,y:b3,platform:Windows,
Unrecognized output string "misc2" in mapping:
030000000d0f00000202000000000000,Horipad O Nintendo Switch 2 Controller,a:b1,b:b0,back:b8,dpdown:h0.4,dpleft:h0.8,dpright:h0.2,dpup:h0.1,guide:b12,leftshoulder:b4,leftstick:b10,lefttrigger:b6,leftx:a0,lefty:a1,misc1:b13,misc2:b14,rightshoulder:b5,rightstick:b11,righttrigger:b7,rightx:a2,righty:a3,start:b9,x:b3,y:b2,platform:Windows,
Unrecognized output string "misc2" in mapping:
030000000d0f00009601000000000000,Horipad Steam,a:b0,b:b1,back:b10,dpdown:h0.4,dpleft:h0.8,dpright:h0.2,dpup:h0.1,guide:b12,leftshoulder:b6,leftstick:b13,lefttrigger:b8,leftx:a0,lefty:a1,misc2:b2,paddle1:b5,paddle2:b15,paddle3:b18,paddle4:b19,rightshoulder:b7,rightstick:b14,righttrigger:b9,rightx:a3,righty:a4,start:b11,x:b3,y:b4,platform:Windows,
Unrecognized output string "misc2" in mapping:
030000007e0500006920000000000000,Nintendo Switch 2 Pro Controller,a:b0,b:b1,back:b14,dpdown:b8,dpleft:b10,dpright:b9,dpup:b11,guide:b16,leftshoulder:b12,leftstick:b15,lefttrigger:b13,leftx:a0,lefty:a1~,misc1:b17,misc2:b20,paddle1:b18,paddle2:b19,rightshoulder:b4,rightstick:b7,righttrigger:b5,rightx:a2,righty:a3~,start:b6,x:b2,y:b3,platform:Windows,
Using "default" pen tablet driver...

TextServer: Primary interface set to: "ICU / HarfBuzz / Graphite (Built-in)".
.NET: Initializing module...
Found hostfxr: C:/Program Files/dotnet/host/fxr/10.0.5/hostfxr.dll
.NET: hostfxr initialized
.NET: GodotPlugins initialized
CORE API HASH: 1976921970
EDITOR API HASH: 555353998
SceneTreeFTI: traversal method DEFAULT
Loading resource: res://Scripts/Autoload/GameManager.cs
Loading resource: res://Scripts/Autoload/SignalBus.cs
Loaded system CA certificates
Loading resource: res://Scenes/Debug/SaveLoadSmokeTest.tscn
Loading resource: res://Scripts/Debug/SaveLoadSmokeTest.gd
Loading resource: res://Resources/Scenarios/main_story_scenario.tres
Loading resource: res://Scripts/Core/Scenario/GameScenarioDefinition.cs
Loading resource: res://Resources/Scenarios/test_game_scenario.tres
[GameLog] [23:15:13] 已发现剧本数量：2
Loading resource: res://Scripts/Systems/IdleSystem.cs
Loading resource: res://Scripts/Systems/ClickEventSystem.cs
Loading resource: res://Scripts/Systems/SkillSystem.cs
Loading resource: res://Scripts/Systems/ShopSystem.cs
Loading resource: res://Scripts/Systems/SellSystem.cs
Loading resource: res://Scripts/Systems/FactionSystem.cs
Loading resource: res://Scripts/Systems/ZoneSystem.cs
Loading resource: res://Scripts/Systems/QuestSystem.cs
Loading resource: res://Scripts/Systems/CraftingSystem.cs
Loading resource: res://Scripts/Systems/BattleSystem.cs
Loading resource: res://Scripts/Systems/AchievementSystem.cs
Loading resource: res://Scripts/Systems/EquipmentSystem.cs
Loading resource: res://Scripts/Systems/BuffSystem.cs
[GameLog] [23:15:13] 游戏主菜单入口已准备完成。
Loading resource: res://Scenes/Main.tscn
Loading resource: res://Scripts/UI/AppRoot.cs
Loading resource: res://Scripts/UI/MainUiLayoutSettings.cs
Loading resource: res://Resources/UI/main_ui_layout.tres
Loading resource: res://Scenes/UI/MainMenuUI.tscn
Loading resource: res://Scripts/UI/MainMenuUI.cs
Loading resource: res://Scripts/UI/SaveSlotDialog.cs
Loading resource: res://Scripts/UI/ConfirmActionDialog.cs
[YamlConfigLoader] bundle=categories path=res://Configs/Scenarios/MainStory/Items/Categories 已解析 1 个 yaml 文件。
[YamlConfigLoader] bundle=items path=res://Configs/Scenarios/MainStory/Items/Definitions 已解析 1 个 yaml 文件。
[YamlConfigLoader] bundle=skills path=res://Configs/Scenarios/MainStory/Skills/Definitions 已解析 1 个 yaml 文件。
[YamlConfigLoader] bundle=quests path=res://Configs/Scenarios/MainStory/Quests/Definitions 已解析 1 个 yaml 文件。
[YamlConfigLoader] bundle=events path=res://Configs/Scenarios/MainStory/Events/Oneshot 已解析 1 个 yaml 文件。
[YamlConfigLoader] bundle=events path=res://Configs/Scenarios/MainStory/Events/Click 已解析 1 个 yaml 文件。
[YamlConfigLoader] bundle=events path=res://Configs/Scenarios/MainStory/Events/Idle 已解析 1 个 yaml 文件。
[YamlConfigLoader] bundle=factions path=res://Configs/Scenarios/MainStory/Factions/Definitions 已解析 1 个 yaml 文件。
[YamlConfigLoader] bundle=zones path=res://Configs/Scenarios/MainStory/Zones/Definitions 已解析 1 个 yaml 文件。
[YamlConfigLoader] bundle=localization path=res://Configs/Scenarios/MainStory/Localization/Bundle 已解析 1 个 yaml 文件。
[GameLog] [23:15:13] 警告：有核心配置未成功加载，请优先检查 YAML 格式和路径。
[GameLog] [23:15:13] 静态配置加载完成：剧本 默认主线剧本，分类 0，物品 0，技能 0，事件 0，任务 1。
[GameLog] [23:15:13] 任务已解锁：主线序章
[GameLog] [23:15:13] 已载入剧本：默认主线剧本
Loading resource: res://Scenes/UI/MainUI.tscn
Loading resource: res://Scripts/UI/MainUI.cs
Loading resource: res://Scripts/UI/GamePlayUI.cs
Loading resource: res://Scripts/UI/InventoryPanel.cs
Loading resource: res://Scripts/UI/SkillPanel.cs
Loading resource: res://Scripts/UI/Placeholder/BattlePanel.cs
Loading resource: res://Scripts/UI/Placeholder/ScenarioPlaceholderPanel.cs
Loading resource: res://Scripts/UI/Placeholder/QuestPanel.cs
Loading resource: res://Scripts/UI/Placeholder/TutorialPanel.cs
Loading resource: res://Scripts/UI/Placeholder/AchievementPanel.cs
Loading resource: res://Scripts/UI/DictionaryPanel.cs
Loading resource: res://Scripts/UI/LogPanel.cs
Loading resource: res://Scripts/UI/ConfigurableInfoPanel.cs
Loading resource: res://Scripts/UI/CharacterStatusPanel.cs
Loading resource: res://Scripts/UI/EventDialogPanel.cs
[YamlConfigLoader] bundle=gameplay_layout path=res://Configs/Scenarios/MainStory/UI/GameplayLayout 已解析 1 个 yaml 文件。
[YamlConfigLoader] bundle=gameplay_layout path=res://Configs/Scenarios/MainStory/UI/GameplayLayout 已解析 1 个 yaml 文件。
[YamlConfigLoader] bundle=ui_tabs path=res://Configs/Scenarios/MainStory/UI/Tabs 已解析 6 个 yaml 文件。
[YamlConfigLoader] bundle=ui_tabs path=res://Configs/Scenarios/MainStory/UI/Tabs 已解析 6 个 yaml 文件。
Loading resource: res://Scripts/UI/SystemPanel.cs
[YamlConfigLoader] bundle=info_panel path=res://Configs/Scenarios/MainStory/UI/InfoPanel 已解析 1 个 yaml 文件。
[YamlConfigLoader] bundle=info_panel path=res://Configs/Scenarios/MainStory/UI/InfoPanel 已解析 1 个 yaml 文件。
[SaveManager] 存档保存成功：C:\Users\AA\AppData\Local\Test00_0410\save_01.json
[GameLog] [23:15:13] 已保存到存档位：C:\Users\AA\AppData\Local\Test00_0410\save_01.json
[YamlConfigLoader] bundle=categories path=res://Configs/Scenarios/MainStory/Items/Categories 已解析 1 个 yaml 文件。
[YamlConfigLoader] bundle=items path=res://Configs/Scenarios/MainStory/Items/Definitions 已解析 1 个 yaml 文件。
[YamlConfigLoader] bundle=skills path=res://Configs/Scenarios/MainStory/Skills/Definitions 已解析 1 个 yaml 文件。
[YamlConfigLoader] bundle=quests path=res://Configs/Scenarios/MainStory/Quests/Definitions 已解析 1 个 yaml 文件。
[YamlConfigLoader] bundle=events path=res://Configs/Scenarios/MainStory/Events/Oneshot 已解析 1 个 yaml 文件。
[YamlConfigLoader] bundle=events path=res://Configs/Scenarios/MainStory/Events/Click 已解析 1 个 yaml 文件。
[YamlConfigLoader] bundle=events path=res://Configs/Scenarios/MainStory/Events/Idle 已解析 1 个 yaml 文件。
[YamlConfigLoader] bundle=factions path=res://Configs/Scenarios/MainStory/Factions/Definitions 已解析 1 个 yaml 文件。
[YamlConfigLoader] bundle=zones path=res://Configs/Scenarios/MainStory/Zones/Definitions 已解析 1 个 yaml 文件。
[YamlConfigLoader] bundle=localization path=res://Configs/Scenarios/MainStory/Localization/Bundle 已解析 1 个 yaml 文件。
[GameLog] [23:15:13] 警告：有核心配置未成功加载，请优先检查 YAML 格式和路径。
[GameLog] [23:15:13] 静态配置加载完成：剧本 默认主线剧本，分类 0，物品 0，技能 0，事件 0，任务 1。
[GameLog] [23:15:13] 任务已解锁：主线序章
[GameLog] [23:15:13] 已载入剧本：默认主线剧本
Loading resource: res://Scenes/UI/MainUI.tscn
[YamlConfigLoader] bundle=gameplay_layout path=res://Configs/Scenarios/MainStory/UI/GameplayLayout 已解析 1 个 yaml 文件。
[YamlConfigLoader] bundle=gameplay_layout path=res://Configs/Scenarios/MainStory/UI/GameplayLayout 已解析 1 个 yaml 文件。
[YamlConfigLoader] bundle=ui_tabs path=res://Configs/Scenarios/MainStory/UI/Tabs 已解析 6 个 yaml 文件。
[YamlConfigLoader] bundle=ui_tabs path=res://Configs/Scenarios/MainStory/UI/Tabs 已解析 6 个 yaml 文件。
[YamlConfigLoader] bundle=info_panel path=res://Configs/Scenarios/MainStory/UI/InfoPanel 已解析 1 个 yaml 文件。
[YamlConfigLoader] bundle=info_panel path=res://Configs/Scenarios/MainStory/UI/InfoPanel 已解析 1 个 yaml 文件。
[YamlConfigLoader] bundle=categories path=res://Configs/Scenarios/MainStory/Items/Categories 已解析 1 个 yaml 文件。
[YamlConfigLoader] bundle=items path=res://Configs/Scenarios/MainStory/Items/Definitions 已解析 1 个 yaml 文件。
[YamlConfigLoader] bundle=skills path=res://Configs/Scenarios/MainStory/Skills/Definitions 已解析 1 个 yaml 文件。
[YamlConfigLoader] bundle=quests path=res://Configs/Scenarios/MainStory/Quests/Definitions 已解析 1 个 yaml 文件。
[YamlConfigLoader] bundle=events path=res://Configs/Scenarios/MainStory/Events/Oneshot 已解析 1 个 yaml 文件。
[YamlConfigLoader] bundle=events path=res://Configs/Scenarios/MainStory/Events/Click 已解析 1 个 yaml 文件。
[YamlConfigLoader] bundle=events path=res://Configs/Scenarios/MainStory/Events/Idle 已解析 1 个 yaml 文件。
[YamlConfigLoader] bundle=factions path=res://Configs/Scenarios/MainStory/Factions/Definitions 已解析 1 个 yaml 文件。
[YamlConfigLoader] bundle=zones path=res://Configs/Scenarios/MainStory/Zones/Definitions 已解析 1 个 yaml 文件。
[YamlConfigLoader] bundle=localization path=res://Configs/Scenarios/MainStory/Localization/Bundle 已解析 1 个 yaml 文件。
[GameLog] [23:15:14] 警告：有核心配置未成功加载，请优先检查 YAML 格式和路径。
[GameLog] [23:15:14] 静态配置加载完成：剧本 默认主线剧本，分类 0，物品 0，技能 0，事件 0，任务 1。
[GameLog] [23:15:14] 任务已解锁：主线序章
[GameLog] [23:15:14] 已载入剧本：默认主线剧本
[MigrationRunner] 检查存档版本: 0.4.0
[GameLog] [23:15:14] 已执行读档。路径：C:\Users\AA\AppData\Local\Test00_0410\save_01.json
[SaveLoadSmokeTest] has_system_tab=true story_event_count=0 save_ok=true load_ok=true
Unloading: Disposing tracked instances...
Unloading: Finished disposing tracked instances.
XR: Clearing primary interface
XR: Removed interface "Native mobile"
XR: Removed interface "OpenXR"
